Algorithm = OnCLMOEAD_R3
has standard algorithm = false
[1, 0, 1, 0, 1, 0, 0, 1, 1]
[0, 1, 0, 0, 0, 1, 1, 0, 0]
[0, 0, 0, 1, 0, 0, 0, 0, 0]
Generation = 0
[1, 0, 1, 0, 1, 0, 0, 1, 1]
[0, 1, 0, 0, 0, 1, 1, 0, 0]
[0, 0, 0, 1, 0, 0, 0, 0, 0]
Generation = 1
[1, 0, 1, 0, 1, 0, 0, 1, 1]
[0, 1, 0, 0, 0, 1, 1, 0, 0]
[0, 0, 0, 1, 0, 0, 0, 0, 0]
Generation = 2
[1, 0, 1, 0, 1, 0, 0, 1, 1]
[0, 1, 0, 1, 0, 1, 0, 0, 0]
[0, 0, 0, 0, 0, 0, 1, 0, 0]
Generation = 3
[1, 0, 1, 0, 1, 0, 1, 0, 1]
[0, 1, 0, 1, 0, 1, 0, 0, 0]
[0, 0, 0, 0, 0, 0, 0, 1, 0]
Generation = 4
[1, 0, 1, 0, 1, 0, 0, 1, 1]
[0, 1, 0, 1, 0, 1, 0, 0, 0]
[0, 0, 0, 0, 0, 0, 1, 0, 0]
Generation = 5
[1, 0, 1, 0, 1, 0, 0, 1, 1]
[0, 1, 0, 1, 0, 1, 0, 0, 0]
[0, 0, 0, 0, 0, 0, 1, 0, 0]
Generation = 6
[1, 0, 0, 0, 1, 0, 0, 0, 1]
[0, 1, 0, 1, 0, 1, 0, 0, 0]
[0, 0, 1, 0, 0, 0, 1, 1, 0]
Generation = 7
[1, 0, 0, 0, 1, 0, 0, 1, 1]
[0, 1, 0, 1, 0, 1, 0, 0, 0]
[0, 0, 1, 0, 0, 0, 1, 0, 0]
Generation = 8
[1, 0, 0, 0, 1, 0, 1, 1, 1]
[0, 1, 0, 1, 0, 1, 0, 0, 0]
[0, 0, 1, 0, 0, 0, 0, 0, 0]
Generation = 9
[1, 0, 0, 0, 1, 0, 1, 1, 1]
[0, 1, 0, 1, 0, 1, 0, 0, 0]
[0, 0, 1, 0, 0, 0, 0, 0, 0]
Generation = 10
[1, 0, 0, 0, 1, 0, 0, 1, 1]
[0, 1, 0, 1, 0, 1, 0, 0, 0]
[0, 0, 1, 0, 0, 0, 1, 0, 0]
Generation = 11
[1, 0, 1, 0, 1, 0, 0, 1, 1]
[0, 1, 0, 1, 0, 1, 0, 0, 0]
[0, 0, 0, 0, 0, 0, 1, 0, 0]
Generation = 12
[1, 0, 0, 0, 1, 0, 0, 1, 1]
[0, 1, 0, 1, 0, 1, 0, 0, 0]
[0, 0, 1, 0, 0, 0, 1, 0, 0]
Generation = 13
[1, 0, 0, 0, 1, 0, 1, 1, 1]
[0, 1, 0, 1, 0, 1, 0, 0, 0]
[0, 0, 1, 0, 0, 0, 0, 0, 0]
Generation = 14
[1, 0, 0, 0, 1, 0, 1, 1, 1]
[0, 1, 0, 1, 0, 1, 0, 0, 0]
[0, 0, 1, 0, 0, 0, 0, 0, 0]
Generation = 15
[1, 0, 0, 0, 1, 0, 1, 1, 1]
[0, 1, 0, 1, 0, 1, 0, 0, 0]
[0, 0, 1, 0, 0, 0, 0, 0, 0]
Generation = 16
[1, 0, 1, 0, 1, 0, 1, 0, 1]
[0, 1, 0, 1, 0, 1, 0, 0, 0]
[0, 0, 0, 0, 0, 0, 0, 1, 0]
Generation = 17
[1, 0, 1, 0, 1, 0, 1, 0, 1]
[0, 1, 0, 1, 0, 1, 0, 0, 0]
[0, 0, 0, 0, 0, 0, 0, 1, 0]
Generation = 18
[1, 0, 1, 0, 1, 0, 1, 0, 1]
[0, 1, 0, 1, 0, 1, 0, 0, 0]
[0, 0, 0, 0, 0, 0, 0, 1, 0]
Generation = 19
[1, 0, 0, 0, 1, 0, 0, 1, 0]
[0, 1, 0, 1, 0, 1, 0, 0, 0]
[0, 0, 1, 0, 0, 0, 1, 0, 1]
Generation = 20
[1, 0, 1, 0, 1, 0, 0, 1, 1]
[0, 1, 0, 1, 0, 1, 0, 0, 0]
[0, 0, 0, 0, 0, 0, 1, 0, 0]
Generation = 21
[1, 0, 1, 0, 1, 0, 0, 1, 1]
[0, 1, 0, 1, 0, 1, 0, 0, 0]
[0, 0, 0, 0, 0, 0, 1, 0, 0]
Generation = 22
[1, 0, 1, 0, 1, 0, 0, 1, 1]
[0, 1, 0, 1, 0, 1, 0, 0, 0]
[0, 0, 0, 0, 0, 0, 1, 0, 0]
Generation = 23
[1, 0, 1, 0, 1, 0, 0, 1, 0]
[0, 1, 0, 1, 0, 1, 0, 0, 0]
[0, 0, 0, 0, 0, 0, 1, 0, 1]
Generation = 24
[1, 0, 1, 0, 0, 0, 1, 1, 1]
[0, 1, 0, 1, 0, 1, 0, 0, 0]
[0, 0, 0, 0, 1, 0, 0, 0, 0]
Generation = 25
[1, 0, 1, 0, 1, 0, 0, 1, 1]
[0, 1, 0, 1, 0, 1, 0, 0, 0]
[0, 0, 0, 0, 0, 0, 1, 0, 0]
Generation = 26
[1, 0, 0, 0, 1, 0, 0, 1, 1]
[0, 1, 0, 1, 0, 1, 0, 0, 0]
[0, 0, 1, 0, 0, 0, 1, 0, 0]
Generation = 27
[1, 0, 0, 0, 1, 0, 0, 1, 1]
[0, 1, 0, 1, 0, 1, 0, 0, 0]
[0, 0, 1, 0, 0, 0, 1, 0, 0]
Generation = 28
[1, 0, 0, 0, 1, 0, 0, 1, 1]
[0, 1, 0, 1, 0, 1, 0, 0, 0]
[0, 0, 1, 0, 0, 0, 1, 0, 0]
Generation = 29
[1, 0, 0, 0, 1, 0, 0, 1, 1]
[0, 1, 0, 1, 0, 1, 0, 0, 0]
[0, 0, 1, 0, 0, 0, 1, 0, 0]
Generation = 30
[1, 0, 0, 0, 1, 0, 0, 1, 1]
[0, 1, 0, 1, 0, 1, 0, 0, 0]
[0, 0, 1, 0, 0, 0, 1, 0, 0]
Generation = 31
[1, 0, 0, 0, 1, 0, 0, 1, 1]
[0, 1, 0, 1, 0, 1, 0, 0, 0]
[0, 0, 1, 0, 0, 0, 1, 0, 0]
Generation = 32
[1, 0, 0, 0, 1, 0, 0, 1, 1]
[0, 1, 0, 1, 0, 1, 0, 0, 0]
[0, 0, 1, 0, 0, 0, 1, 0, 0]
Generation = 33
[1, 0, 0, 0, 1, 0, 0, 1, 1]
[0, 1, 0, 1, 0, 1, 0, 0, 0]
[0, 0, 1, 0, 0, 0, 1, 0, 0]
Generation = 34
[1, 0, 0, 0, 1, 0, 0, 1, 1]
[0, 1, 0, 1, 0, 1, 0, 0, 0]
[0, 0, 1, 0, 0, 0, 1, 0, 0]
Generation = 35
[1, 0, 0, 0, 1, 0, 0, 1, 1]
[0, 1, 0, 1, 0, 1, 0, 0, 0]
[0, 0, 1, 0, 0, 0, 1, 0, 0]
Generation = 36
[1, 0, 0, 0, 1, 0, 0, 1, 1]
[0, 1, 0, 1, 0, 1, 0, 0, 0]
[0, 0, 1, 0, 0, 0, 1, 0, 0]
Generation = 37
[1, 0, 0, 0, 1, 0, 0, 1, 1]
[0, 1, 0, 1, 0, 1, 0, 0, 0]
[0, 0, 1, 0, 0, 0, 1, 0, 0]
Generation = 38
[1, 0, 0, 0, 1, 0, 0, 1, 1]
[0, 1, 0, 1, 0, 1, 0, 0, 0]
[0, 0, 1, 0, 0, 0, 1, 0, 0]
Generation = 39
[1, 0, 0, 0, 1, 0, 0, 1, 1]
[0, 1, 0, 1, 0, 1, 0, 0, 0]
[0, 0, 1, 0, 0, 0, 1, 0, 0]
Generation = 40
[1, 0, 0, 0, 1, 0, 0, 1, 1]
[0, 1, 0, 1, 0, 1, 0, 0, 0]
[0, 0, 1, 0, 0, 0, 1, 0, 0]
Generation = 41
[1, 0, 0, 0, 1, 0, 0, 1, 1]
[0, 1, 0, 1, 0, 1, 0, 0, 0]
[0, 0, 1, 0, 0, 0, 1, 0, 0]
Generation = 42
[1, 0, 0, 0, 1, 0, 0, 1, 1]
[0, 1, 0, 1, 0, 1, 0, 0, 0]
[0, 0, 1, 0, 0, 0, 1, 0, 0]
Generation = 43
[1, 0, 0, 0, 1, 0, 0, 1, 1]
[0, 1, 0, 1, 0, 1, 0, 0, 0]
[0, 0, 1, 0, 0, 0, 1, 0, 0]
Generation = 44
[1, 0, 0, 0, 1, 0, 0, 1, 1]
[0, 1, 0, 1, 0, 1, 0, 0, 0]
[0, 0, 1, 0, 0, 0, 1, 0, 0]
Generation = 45
[1, 0, 0, 0, 1, 0, 0, 1, 1]
[0, 1, 0, 1, 0, 1, 0, 0, 0]
[0, 0, 1, 0, 0, 0, 1, 0, 0]
Generation = 46
[1, 0, 0, 0, 1, 0, 0, 1, 1]
[0, 1, 0, 1, 0, 1, 0, 0, 0]
[0, 0, 1, 0, 0, 0, 1, 0, 0]
Generation = 47
[1, 0, 0, 0, 1, 0, 0, 1, 1]
[0, 1, 0, 1, 0, 1, 0, 0, 0]
[0, 0, 1, 0, 0, 0, 1, 0, 0]
Generation = 48
[1, 0, 0, 0, 1, 0, 0, 1, 1]
[0, 1, 0, 1, 0, 1, 0, 0, 0]
[0, 0, 1, 0, 0, 0, 1, 0, 0]
Generation = 49
[1, 0, 0, 0, 1, 0, 0, 1, 1]
[0, 1, 0, 1, 0, 1, 0, 0, 0]
[0, 0, 1, 0, 0, 0, 1, 0, 0]
Generation = 50
[1, 0, 0, 0, 1, 0, 0, 1, 1]
[0, 1, 0, 1, 0, 1, 0, 0, 0]
[0, 0, 1, 0, 0, 0, 1, 0, 0]
Generation = 51
[1, 0, 0, 0, 1, 0, 0, 1, 1]
[0, 1, 0, 1, 0, 1, 0, 0, 0]
[0, 0, 1, 0, 0, 0, 1, 0, 0]
Generation = 52
[1, 0, 0, 0, 1, 0, 0, 1, 1]
[0, 1, 0, 1, 0, 1, 0, 0, 0]
[0, 0, 1, 0, 0, 0, 1, 0, 0]
Generation = 53
[1, 0, 0, 0, 1, 0, 0, 1, 1]
[0, 1, 0, 1, 0, 1, 0, 0, 0]
[0, 0, 1, 0, 0, 0, 1, 0, 0]
Generation = 54
[1, 0, 0, 0, 1, 0, 0, 1, 1]
[0, 1, 0, 1, 0, 1, 0, 0, 0]
[0, 0, 1, 0, 0, 0, 1, 0, 0]
Generation = 55
[1, 0, 0, 0, 1, 0, 0, 1, 1]
[0, 1, 0, 1, 0, 1, 0, 0, 0]
[0, 0, 1, 0, 0, 0, 1, 0, 0]
Generation = 56
[1, 0, 0, 0, 1, 0, 0, 1, 1]
[0, 1, 0, 1, 0, 1, 0, 0, 0]
[0, 0, 1, 0, 0, 0, 1, 0, 0]
Generation = 57
[1, 0, 0, 0, 1, 0, 0, 1, 1]
[0, 1, 0, 1, 0, 1, 0, 0, 0]
[0, 0, 1, 0, 0, 0, 1, 0, 0]
Generation = 58
[1, 0, 0, 0, 1, 0, 0, 1, 1]
[0, 1, 0, 1, 0, 1, 0, 0, 0]
[0, 0, 1, 0, 0, 0, 1, 0, 0]
Generation = 59
[1, 0, 0, 0, 1, 0, 0, 1, 1]
[0, 1, 0, 1, 0, 1, 0, 0, 0]
[0, 0, 1, 0, 0, 0, 1, 0, 0]
Generation = 60
[1, 0, 0, 0, 1, 0, 0, 1, 1]
[0, 1, 0, 1, 0, 1, 0, 0, 0]
[0, 0, 1, 0, 0, 0, 1, 0, 0]
Generation = 61
[1, 0, 0, 0, 1, 0, 0, 1, 1]
[0, 1, 0, 1, 0, 1, 0, 0, 0]
[0, 0, 1, 0, 0, 0, 1, 0, 0]
Generation = 62
[1, 0, 0, 0, 1, 0, 0, 1, 1]
[0, 1, 0, 1, 0, 1, 0, 0, 0]
[0, 0, 1, 0, 0, 0, 1, 0, 0]
Generation = 63
[1, 0, 0, 0, 1, 0, 0, 1, 1]
[0, 1, 0, 1, 0, 1, 0, 0, 0]
[0, 0, 1, 0, 0, 0, 1, 0, 0]
Generation = 64
[1, 0, 0, 0, 1, 0, 1, 1, 1]
[0, 1, 0, 1, 0, 1, 0, 0, 0]
[0, 0, 1, 0, 0, 0, 0, 0, 0]
Generation = 65
[1, 0, 1, 0, 1, 0, 0, 1, 1]
[0, 1, 0, 1, 0, 1, 0, 0, 0]
[0, 0, 0, 0, 0, 0, 1, 0, 0]
Generation = 66
[1, 0, 1, 0, 1, 0, 0, 1, 1]
[0, 1, 0, 1, 0, 1, 0, 0, 0]
[0, 0, 0, 0, 0, 0, 1, 0, 0]
Generation = 67
[1, 0, 0, 0, 1, 0, 1, 1, 1]
[0, 1, 0, 1, 0, 1, 0, 0, 0]
[0, 0, 1, 0, 0, 0, 0, 0, 0]
Generation = 68
[1, 0, 0, 0, 1, 0, 1, 1, 1]
[0, 1, 0, 1, 0, 1, 0, 0, 0]
[0, 0, 1, 0, 0, 0, 0, 0, 0]
Generation = 69
[1, 0, 0, 0, 1, 0, 1, 1, 1]
[0, 1, 0, 1, 0, 1, 0, 0, 0]
[0, 0, 1, 0, 0, 0, 0, 0, 0]
Generation = 70
[1, 0, 1, 0, 1, 0, 0, 1, 1]
[0, 1, 0, 1, 0, 1, 0, 0, 0]
[0, 0, 0, 0, 0, 0, 1, 0, 0]
Generation = 71
[1, 0, 1, 0, 1, 0, 0, 1, 1]
[0, 1, 0, 1, 0, 1, 0, 0, 0]
[0, 0, 0, 0, 0, 0, 1, 0, 0]
Generation = 72
[1, 0, 0, 0, 1, 0, 1, 1, 1]
[0, 1, 0, 1, 0, 1, 0, 0, 0]
[0, 0, 1, 0, 0, 0, 0, 0, 0]
Generation = 73
[1, 0, 0, 0, 1, 0, 1, 1, 1]
[0, 1, 0, 1, 0, 1, 0, 0, 0]
[0, 0, 1, 0, 0, 0, 0, 0, 0]
Generation = 74
[1, 0, 1, 0, 1, 0, 0, 1, 1]
[0, 1, 0, 1, 0, 1, 0, 0, 0]
[0, 0, 0, 0, 0, 0, 1, 0, 0]
Generation = 75
[1, 0, 0, 0, 1, 0, 0, 1, 1]
[0, 1, 0, 1, 0, 1, 0, 0, 0]
[0, 0, 1, 0, 0, 0, 1, 0, 0]
